<?xml version="1.0" encoding="UTF-8"?>
<testng-results ignored="0" total="1" passed="1" failed="0" skipped="0">
  <reporter-output>
  </reporter-output>
  <suite started-at="2022-03-28T23:13:22 IST" name="Default suite" finished-at="2022-03-28T23:13:39 IST" duration-ms="16020">
    <groups>
    </groups>
    <test started-at="2022-03-28T23:13:22 IST" name="Default test" finished-at="2022-03-28T23:13:39 IST" duration-ms="16020">
      <class name="com.qa.tests.NewTest">
        <test-method is-config="true" signature="beforeTest()[pri:0, instance:com.qa.tests.NewTest@16150369]" started-at="2022-03-28T23:13:22 IST" name="beforeTest" finished-at="2022-03-28T23:13:28 IST" duration-ms="5479" status="PASS">
          <reporter-output>
          </reporter-output>
        </test-method> <!-- beforeTest -->
        <test-method signature="testEasy()[pri:0, instance:com.qa.tests.NewTest@16150369]" started-at="2022-03-28T23:13:28 IST" name="testEasy" finished-at="2022-03-28T23:13:37 IST" duration-ms="8531" status="PASS">
          <reporter-output>
          </reporter-output>
        </test-method> <!-- testEasy -->
        <test-method is-config="true" signature="afterTest()[pri:0, instance:com.qa.tests.NewTest@16150369]" started-at="2022-03-28T23:13:37 IST" name="afterTest" finished-at="2022-03-28T23:13:39 IST" duration-ms="1900" status="PASS">
          <reporter-output>
          </reporter-output>
        </test-method> <!-- afterTest -->
      </class> <!-- com.qa.tests.NewTest -->
    </test> <!-- Default test -->
  </suite> <!-- Default suite -->
</testng-results>
